<?xml version="1.0" encoding="UTF-8"?>
<!-- Generated by org.testng.reporters.JUnitReportReporter -->
<testsuite skipped="0" hostname="Jagadeesh2" name="org.features.Groups_Concept" tests="6" failures="0" timestamp="2021-09-21T21:39:09 IST" time="0.035" errors="0">
  <testcase name="facebook" time="0.035" classname="org.features.Groups_Concept"/>
  <system-out/>
  <testcase name="spotify" time="0.000" classname="org.features.Groups_Concept"/>
  <system-out/>
  <testcase name="instagram" time="0.000" classname="org.features.Groups_Concept"/>
  <system-out/>
  <testcase name="twitter" time="0.000" classname="org.features.Groups_Concept"/>
  <system-out/>
  <testcase name="whatsapp" time="0.000" classname="org.features.Groups_Concept"/>
  <system-out/>
  <testcase name="ganna" time="0.000" classname="org.features.Groups_Concept"/>
  <system-out/>
</testsuite> <!-- org.features.Groups_Concept -->
