<?xml version="1.0" encoding="UTF-8"?>
<!-- Generated by org.testng.reporters.JUnitReportReporter -->
<testsuite skipped="0" hostname="Jagadeesh2" name="org.features.Expected_Exception" tests="1" failures="0" timestamp="2021-09-21T21:32:08 IST" time="0.015" errors="0">
  <testcase name="demo" time="0.015" classname="org.features.Expected_Exception"/>
  <system-out/>
</testsuite> <!-- org.features.Expected_Exception -->
