<?xml version="1.0" encoding="UTF-8"?>
<!-- Generated by org.testng.reporters.JUnitReportReporter -->
<testsuite skipped="0" hostname="Jagadeesh2" name="org.features.Dataprovider_Test" tests="3" failures="0" timestamp="2021-09-21T21:34:17 IST" time="0.015" errors="0">
  <testcase name="credentails" time="0.000" classname="org.features.Dataprovider_Test"/>
  <system-out/>
  <testcase name="credentails" time="0.015" classname="org.features.Dataprovider_Test"/>
  <system-out/>
  <testcase name="credentails" time="0.000" classname="org.features.Dataprovider_Test"/>
  <system-out/>
</testsuite> <!-- org.features.Dataprovider_Test -->
