<?xml version="1.0" encoding="UTF-8"?>
<!-- Generated by org.testng.reporters.JUnitReportReporter -->
<testsuite skipped="0" hostname="Jagadeesh2" name="org.features.TimeOut_Concpt" tests="1" failures="0" timestamp="2021-09-21T21:31:29 IST" time="4.110" errors="0">
  <testcase name="login" time="4.110" classname="org.features.TimeOut_Concpt"/>
  <system-out/>
</testsuite> <!-- org.features.TimeOut_Concpt -->
