<?xml version="1.0" encoding="UTF-8"?>
<!-- Generated by org.testng.reporters.JUnitReportReporter -->
<testsuite skipped="0" hostname="Jagadeesh2" name="org.features.Parameter_Concept" tests="1" failures="0" timestamp="2021-09-21T21:33:11 IST" time="0.016" errors="0">
  <testcase name="credentails" time="0.016" classname="org.features.Parameter_Concept"/>
  <system-out/>
</testsuite> <!-- org.features.Parameter_Concept -->
