<?xml version="1.0" encoding="UTF-8"?>
<!-- Generated by org.testng.reporters.JUnitReportReporter -->
<testsuite skipped="0" hostname="Jagadeesh2" name="org.features.Simple_annotation" tests="2" failures="0" timestamp="2021-09-21T21:21:33 IST" time="0.047" errors="0">
  <testcase name="earphone" time="0.031" classname="org.features.Simple_annotation"/>
  <system-out/>
  <testcase name="laptop" time="0.016" classname="org.features.Simple_annotation"/>
  <system-out/>
</testsuite> <!-- org.features.Simple_annotation -->
