<?xml version="1.0" encoding="UTF-8"?>
<!-- Generated by org.testng.reporters.JUnitReportReporter -->
<testsuite skipped="1" hostname="Jagadeesh2" name="org.features.Ignore_concept" tests="3" failures="0" timestamp="2021-09-21T21:27:51 IST" time="0.077" errors="0">
  <testcase name="earphone" time="0.062" classname="org.features.Ignore_concept"/>
  <system-out/>
  <testcase name="powerBank" time="0.015" classname="org.features.Ignore_concept"/>
  <system-out/>
  <testcase name="mobile" classname="org.features.Ignore_concept">
    <skipped/>
  </testcase> <!-- mobile -->
  <system-out/>
</testsuite> <!-- org.features.Ignore_concept -->
