<?xml version="1.0" encoding="UTF-8"?>
<!-- Generated by org.testng.reporters.JUnitReportReporter -->
<testsuite skipped="0" hostname="Jagadeesh2" name="org.features.Invocation_Count" tests="5" failures="0" timestamp="2021-09-21T21:30:43 IST" time="0.088" errors="0">
  <testcase name="browser" time="0.025" classname="org.features.Invocation_Count"/>
  <system-out/>
  <testcase name="refresh" time="0.015" classname="org.features.Invocation_Count"/>
  <system-out/>
  <testcase name="refresh" time="0.032" classname="org.features.Invocation_Count"/>
  <system-out/>
  <testcase name="refresh" time="0.000" classname="org.features.Invocation_Count"/>
  <system-out/>
  <testcase name="nextpage" time="0.016" classname="org.features.Invocation_Count"/>
  <system-out/>
</testsuite> <!-- org.features.Invocation_Count -->
