<?xml version="1.0" encoding="UTF-8"?>
<!-- Generated by org.testng.reporters.JUnitReportReporter -->
<testsuite skipped="0" hostname="Jagadeesh2" name="org.features.Priority_Test" tests="4" failures="0" timestamp="2021-09-21T21:29:25 IST" time="0.090" errors="0">
  <testcase name="browser" time="0.058" classname="org.features.Priority_Test"/>
  <system-out/>
  <testcase name="username" time="0.000" classname="org.features.Priority_Test"/>
  <system-out/>
  <testcase name="password" time="0.016" classname="org.features.Priority_Test"/>
  <system-out/>
  <testcase name="login" time="0.016" classname="org.features.Priority_Test"/>
  <system-out/>
</testsuite> <!-- org.features.Priority_Test -->
